-----------------------------------------------------------------------------------------------------------------------------
      name:  <unnamed>
       log:  C:\Users\Public\Final-Project-Metrics\olivetti_family_policies\T4regs_stats.log
  log type:  text
 opened on:   1 Mar 2022, 12:04:40

. 
. 
. forvalues i = 1(1)3 {
  2. 
. foreach x in Femp_rate W_gap {
  3. 
. xi: reg `x' total_protected total_sq i.year i.country if edu==`i', robust
  4. outreg2 using Table4.xls, append ctitle("`label'") label dec(3) keep(total_protected total_sq)
  5. outreg2 using Table4_summary.xls, append ctitle("`label'") label dec(3) sum drop(_I*)
  6. 
. egen country_tag=tag(country) if e(sample)
  7. egen year_min=min(year) if e(sample), by(country)
  8. egen year_max=max(year) if e(sample), by(country)
  9. 
. log on
 10. sum country_tag if e(sample) & country_tag==1
 11. sum year if e(sample)
 12. list country year_min year_max if country_tag==1, sep(0)
 13. log off
 14. 
. drop country_tag-year_max
 15. 
. }
 16. 
. }
i.year            _Iyear_1960-2014    (naturally coded; _Iyear_1960 omitted)
i.country         _Icountry_1-37      (_Icountry_1 for country==AUS omitted)
note: _Iyear_1961 omitted because of collinearity
note: _Iyear_1962 omitted because of collinearity
note: _Iyear_1963 omitted because of collinearity
note: _Iyear_1964 omitted because of collinearity
note: _Iyear_1965 omitted because of collinearity
note: _Iyear_1966 omitted because of collinearity
note: _Iyear_1967 omitted because of collinearity
note: _Iyear_1968 omitted because of collinearity
note: _Iyear_1969 omitted because of collinearity
note: _Iyear_1970 omitted because of collinearity
note: _Iyear_1971 omitted because of collinearity
note: _Iyear_1972 omitted because of collinearity
note: _Iyear_1973 omitted because of collinearity
note: _Iyear_1974 omitted because of collinearity
note: _Iyear_1975 omitted because of collinearity
note: _Iyear_1976 omitted because of collinearity
note: _Iyear_1977 omitted because of collinearity
note: _Iyear_1978 omitted because of collinearity
note: _Iyear_1979 omitted because of collinearity
note: _Iyear_1980 omitted because of collinearity
note: _Iyear_1981 omitted because of collinearity
note: _Iyear_1982 omitted because of collinearity
note: _Iyear_1983 omitted because of collinearity
note: _Iyear_1984 omitted because of collinearity
note: _Iyear_1985 omitted because of collinearity
note: _Iyear_1986 omitted because of collinearity
note: _Iyear_1987 omitted because of collinearity
note: _Iyear_1988 omitted because of collinearity
note: _Iyear_1989 omitted because of collinearity
note: _Iyear_1990 omitted because of collinearity
note: _Iyear_1991 omitted because of collinearity
note: _Iyear_1992 omitted because of collinearity
note: _Iyear_1993 omitted because of collinearity
note: _Iyear_1994 omitted because of collinearity
note: _Iyear_1995 omitted because of collinearity
note: _Iyear_1996 omitted because of collinearity
note: _Iyear_2013 omitted because of collinearity
note: _Iyear_2014 omitted because of collinearity
note: _Icountry_4 omitted because of collinearity
note: _Icountry_7 omitted because of collinearity
note: _Icountry_12 omitted because of collinearity
note: _Icountry_20 omitted because of collinearity
note: _Icountry_24 omitted because of collinearity
note: _Icountry_26 omitted because of collinearity
note: _Icountry_34 omitted because of collinearity

Linear regression                               Number of obs     =        492
                                                F(47, 444)        =     324.47
                                                Prob > F          =     0.0000
                                                R-squared         =     0.9461
                                                Root MSE          =     3.0071

---------------------------------------------------------------------------------
                |               Robust
      Femp_rate |      Coef.   Std. Err.      t    P>|t|     [95% Conf. Interval]
----------------+----------------------------------------------------------------
total_protected |   .1640785   .0833053     1.97   0.050     .0003567    .3278002
       total_sq |  -.1710179   .0593619    -2.88   0.004    -.2876831   -.0543526
    _Iyear_1961 |          0  (omitted)
    _Iyear_1962 |          0  (omitted)
    _Iyear_1963 |          0  (omitted)
    _Iyear_1964 |          0  (omitted)
    _Iyear_1965 |          0  (omitted)
    _Iyear_1966 |          0  (omitted)
    _Iyear_1967 |          0  (omitted)
    _Iyear_1968 |          0  (omitted)
    _Iyear_1969 |          0  (omitted)
    _Iyear_1970 |          0  (omitted)
    _Iyear_1971 |          0  (omitted)
    _Iyear_1972 |          0  (omitted)
    _Iyear_1973 |          0  (omitted)
    _Iyear_1974 |          0  (omitted)
    _Iyear_1975 |          0  (omitted)
    _Iyear_1976 |          0  (omitted)
    _Iyear_1977 |          0  (omitted)
    _Iyear_1978 |          0  (omitted)
    _Iyear_1979 |          0  (omitted)
    _Iyear_1980 |          0  (omitted)
    _Iyear_1981 |          0  (omitted)
    _Iyear_1982 |          0  (omitted)
    _Iyear_1983 |          0  (omitted)
    _Iyear_1984 |          0  (omitted)
    _Iyear_1985 |          0  (omitted)
    _Iyear_1986 |          0  (omitted)
    _Iyear_1987 |          0  (omitted)
    _Iyear_1988 |          0  (omitted)
    _Iyear_1989 |          0  (omitted)
    _Iyear_1990 |          0  (omitted)
    _Iyear_1991 |          0  (omitted)
    _Iyear_1992 |          0  (omitted)
    _Iyear_1993 |          0  (omitted)
    _Iyear_1994 |          0  (omitted)
    _Iyear_1995 |          0  (omitted)
    _Iyear_1996 |          0  (omitted)
    _Iyear_1997 |  -.4132331   1.219278    -0.34   0.735    -2.809506     1.98304
    _Iyear_1998 |  -.3617389   1.098407    -0.33   0.742    -2.520463    1.796985
    _Iyear_1999 |    -.06032   .9984922    -0.06   0.952    -2.022678    1.902038
    _Iyear_2000 |   .1552919   .9431941     0.16   0.869    -1.698388    2.008971
    _Iyear_2001 |   .5969302   .8982476     0.66   0.507    -1.168415    2.362275
    _Iyear_2002 |   .5467539   .8448022     0.65   0.518    -1.113554    2.207062
    _Iyear_2003 |   .7218318    .804785     0.90   0.370    -.8598292    2.303493
    _Iyear_2004 |   .0425215   .8342344     0.05   0.959    -1.597017     1.68206
    _Iyear_2005 |   .5976939   .8205472     0.73   0.467    -1.014945    2.210333
    _Iyear_2006 |   1.198818   .8099625     1.48   0.140    -.3930181    2.790655
    _Iyear_2007 |   1.843708   .8203174     2.25   0.025      .231521    3.455895
    _Iyear_2008 |   1.968945   .8278537     2.38   0.018     .3419464    3.595943
    _Iyear_2009 |    1.04942     .88526     1.19   0.236    -.6904004     2.78924
    _Iyear_2010 |   .6137226   .9307942     0.66   0.510    -1.215587    2.443032
    _Iyear_2011 |   .4297501   .9747649     0.44   0.660    -1.485976    2.345476
    _Iyear_2012 |   .4957928   1.011624     0.49   0.624    -1.492373    2.483958
    _Iyear_2013 |          0  (omitted)
    _Iyear_2014 |          0  (omitted)
    _Icountry_2 |  -.7951997   1.760946    -0.45   0.652    -4.256023    2.665624
    _Icountry_3 |  -16.12491   1.342937   -12.01   0.000    -18.76421    -13.4856
    _Icountry_4 |          0  (omitted)
    _Icountry_5 |  -8.000151   .7157469   -11.18   0.000    -9.406823   -6.593478
    _Icountry_6 |    9.56956    2.36037     4.05   0.000     4.930675    14.20844
    _Icountry_7 |          0  (omitted)
    _Icountry_8 |   9.708973    7.33505     1.32   0.186    -4.706758     24.1247
    _Icountry_9 |   12.98862   6.915461     1.88   0.061    -.6024862    26.57972
   _Icountry_10 |    2.79728   .8767582     3.19   0.002     1.074169    4.520392
   _Icountry_11 |  -15.00295   1.299277   -11.55   0.000    -17.55644   -12.44945
   _Icountry_12 |          0  (omitted)
   _Icountry_13 |   20.81104   7.058388     2.95   0.003      6.93904    34.68304
   _Icountry_14 |   18.92662   7.302901     2.59   0.010     4.574072    33.27917
   _Icountry_15 |   3.968996   1.408053     2.82   0.005      1.20172    6.736273
   _Icountry_16 |  -15.09942    .914024   -16.52   0.000    -16.89578   -13.30307
   _Icountry_17 |   .9593037   7.065559     0.14   0.892    -12.92679     14.8454
   _Icountry_18 |  -15.76911   1.023585   -15.41   0.000    -17.78078   -13.75743
   _Icountry_19 |   24.28939    1.60626    15.12   0.000     21.13257    27.44621
   _Icountry_20 |          0  (omitted)
   _Icountry_21 |  -21.06642   .8039355   -26.20   0.000    -22.64641   -19.48643
   _Icountry_22 |   2.068266   .8466606     2.44   0.015     .4043059    3.732226
   _Icountry_23 |   6.020195   .7587055     7.93   0.000     4.529095    7.511295
   _Icountry_24 |          0  (omitted)
   _Icountry_25 |  -4.432769   1.222232    -3.63   0.000    -6.834848    -2.03069
   _Icountry_26 |          0  (omitted)
   _Icountry_27 |  -11.41492   2.313117    -4.93   0.000    -15.96094   -6.868901
   _Icountry_28 |  -4.711837    1.28172    -3.68   0.000    -7.230829   -2.192845
   _Icountry_29 |   8.810263   1.690944     5.21   0.000     5.487014    12.13351
   _Icountry_30 |   6.867776   .9118906     7.53   0.000     5.075618    8.659934
   _Icountry_31 |   7.862691   9.360127     0.84   0.401    -10.53297    26.25835
   _Icountry_32 |   9.033535   1.398959     6.46   0.000      6.28413    11.78294
   _Icountry_33 |  -2.262973   7.562866    -0.30   0.765    -17.12643    12.60049
   _Icountry_34 |          0  (omitted)
   _Icountry_35 |   6.770069   1.765757     3.83   0.000     3.299789    10.24035
   _Icountry_36 |  -29.46947   1.113125   -26.47   0.000    -31.65712   -27.28182
   _Icountry_37 |  -6.950213   2.275388    -3.05   0.002    -11.42208   -2.478345
          _cons |   48.28484   3.242821    14.89   0.000     41.91165    54.65802
---------------------------------------------------------------------------------
Table4.xls
dir : seeout

    Variable |        Obs        Mean    Std. Dev.       Min        Max
-------------+---------------------------------------------------------
   Femp_rate |        492    46.60447    12.32197       19.7         83
total_prot~d |        492    75.42988    53.55407          8        182
    total_sq |        492    85.51876    104.6687        .64     331.24
 _Iyear_1961 |        492           0           0          0          0
 _Iyear_1962 |        492           0           0          0          0
-------------+---------------------------------------------------------
 _Iyear_1963 |        492           0           0          0          0
 _Iyear_1964 |        492           0           0          0          0
 _Iyear_1965 |        492           0           0          0          0
 _Iyear_1966 |        492           0           0          0          0
 _Iyear_1967 |        492           0           0          0          0
-------------+---------------------------------------------------------
 _Iyear_1968 |        492           0           0          0          0
 _Iyear_1969 |        492           0           0          0          0
 _Iyear_1970 |        492           0           0          0          0
 _Iyear_1971 |        492           0           0          0          0
 _Iyear_1972 |        492           0           0          0          0
-------------+---------------------------------------------------------
 _Iyear_1973 |        492           0           0          0          0
 _Iyear_1974 |        492           0           0          0          0
 _Iyear_1975 |        492           0           0          0          0
 _Iyear_1976 |        492           0           0          0          0
 _Iyear_1977 |        492           0           0          0          0
-------------+---------------------------------------------------------
 _Iyear_1978 |        492           0           0          0          0
 _Iyear_1979 |        492           0           0          0          0
 _Iyear_1980 |        492           0           0          0          0
 _Iyear_1981 |        492           0           0          0          0
 _Iyear_1982 |        492           0           0          0          0
-------------+---------------------------------------------------------
 _Iyear_1983 |        492           0           0          0          0
 _Iyear_1984 |        492           0           0          0          0
 _Iyear_1985 |        492           0           0          0          0
 _Iyear_1986 |        492           0           0          0          0
 _Iyear_1987 |        492           0           0          0          0
-------------+---------------------------------------------------------
 _Iyear_1988 |        492           0           0          0          0
 _Iyear_1989 |        492           0           0          0          0
 _Iyear_1990 |        492           0           0          0          0
 _Iyear_1991 |        492           0           0          0          0
 _Iyear_1992 |        492           0           0          0          0
-------------+---------------------------------------------------------
 _Iyear_1993 |        492           0           0          0          0
 _Iyear_1994 |        492           0           0          0          0
 _Iyear_1995 |        492           0           0          0          0
 _Iyear_1996 |        492           0           0          0          0
 _Iyear_1997 |        492     .050813    .2198392          0          1
-------------+---------------------------------------------------------
 _Iyear_1998 |        492    .0589431    .2357579          0          1
 _Iyear_1999 |        492    .0609756    .2395291          0          1
 _Iyear_2000 |        492    .0609756    .2395291          0          1
 _Iyear_2001 |        492    .0609756    .2395291          0          1
 _Iyear_2002 |        492    .0589431    .2357579          0          1
-------------+---------------------------------------------------------
 _Iyear_2003 |        492    .0589431    .2357579          0          1
 _Iyear_2004 |        492    .0589431    .2357579          0          1
 _Iyear_2005 |        492    .0589431    .2357579          0          1
 _Iyear_2006 |        492    .0589431    .2357579          0          1
 _Iyear_2007 |        492    .0589431    .2357579          0          1
-------------+---------------------------------------------------------
 _Iyear_2008 |        492    .0589431    .2357579          0          1
 _Iyear_2009 |        492    .0589431    .2357579          0          1
 _Iyear_2010 |        492    .0589431    .2357579          0          1
 _Iyear_2011 |        492    .0589431    .2357579          0          1
 _Iyear_2012 |        492    .0589431    .2357579          0          1
-------------+---------------------------------------------------------
 _Iyear_2013 |        492    .0589431    .2357579          0          1
 _Iyear_2014 |        492           0           0          0          0
 _Icountry_2 |        492    .0345528    .1828302          0          1
 _Icountry_3 |        492    .0345528    .1828302          0          1
 _Icountry_4 |        492           0           0          0          0
-------------+---------------------------------------------------------
 _Icountry_5 |        492    .0345528    .1828302          0          1
 _Icountry_6 |        492    .0345528    .1828302          0          1
 _Icountry_7 |        492           0           0          0          0
 _Icountry_8 |        492    .0345528    .1828302          0          1
 _Icountry_9 |        492    .0345528    .1828302          0          1
-------------+---------------------------------------------------------
_Icountry_10 |        492    .0325203     .177558          0          1
_Icountry_11 |        492    .0345528    .1828302          0          1
_Icountry_12 |        492           0           0          0          0
_Icountry_13 |        492    .0345528    .1828302          0          1
_Icountry_14 |        492    .0345528    .1828302          0          1
-------------+---------------------------------------------------------
_Icountry_15 |        492    .0345528    .1828302          0          1
_Icountry_16 |        492    .0345528    .1828302          0          1
_Icountry_17 |        492    .0345528    .1828302          0          1
_Icountry_18 |        492    .0345528    .1828302          0          1
_Icountry_19 |        492    .0345528    .1828302          0          1
-------------+---------------------------------------------------------
_Icountry_20 |        492           0           0          0          0
_Icountry_21 |        492    .0325203     .177558          0          1
_Icountry_22 |        492    .0101626    .1003983          0          1
_Icountry_23 |        492    .0345528    .1828302          0          1
_Icountry_24 |        492           0           0          0          0
-------------+---------------------------------------------------------
_Icountry_25 |        492    .0304878    .1721003          0          1
_Icountry_26 |        492           0           0          0          0
_Icountry_27 |        492    .0345528    .1828302          0          1
_Icountry_28 |        492    .0325203     .177558          0          1
_Icountry_29 |        492    .0345528    .1828302          0          1
-------------+---------------------------------------------------------
_Icountry_30 |        492    .0345528    .1828302          0          1
_Icountry_31 |        492    .0345528    .1828302          0          1
_Icountry_32 |        492    .0325203     .177558          0          1
_Icountry_33 |        492    .0345528    .1828302          0          1
_Icountry_34 |        492           0           0          0          0
-------------+---------------------------------------------------------
_Icountry_35 |        492    .0345528    .1828302          0          1
_Icountry_36 |        492    .0345528    .1828302          0          1
_Icountry_37 |        492    .0345528    .1828302          0          1

Table4_summary.xls
dir : seeout
(2,999 missing values generated)
(2,999 missing values generated)
(log already on)

    Variable |        Obs        Mean    Std. Dev.       Min        Max
-------------+---------------------------------------------------------
 country_tag |         30           1           0          1          1

    Variable |        Obs        Mean    Std. Dev.       Min        Max
-------------+---------------------------------------------------------
        year |        492    2005.035     4.87155       1997       2013

      +-------------------------------+
      | country   year_min   year_max |
      |-------------------------------|
  54. |     AUS       1997       2013 |
 156. |     AUT       1997       2013 |
 258. |     BEL       1997       2013 |
 412. |     CAN       1997       2013 |
 516. |     CHE       1997       2013 |
 692. |     CZE       1997       2013 |
 795. |     DEU       1997       2013 |
 901. |     DNK       1998       2013 |
 999. |     ESP       1997       2013 |
1185. |     FIN       1997       2013 |
1287. |     FRA       1997       2013 |
1392. |     GBR       1997       2013 |
1495. |     GRC       1997       2013 |
1588. |     HUN       1997       2013 |
1689. |     IRL       1997       2013 |
1782. |     ISL       1997       2013 |
1970. |     ITA       1998       2013 |
2071. |     JPN       1997       2001 |
2163. |     KOR       1997       2013 |
2324. |     LUX       1999       2013 |
2462. |     MEX       1997       2013 |
2569. |     NLD       1998       2013 |
2667. |     NOR       1997       2013 |
2772. |     NZL       1997       2013 |
2865. |     POL       1997       2013 |
2969. |     PRT       1998       2013 |
3060. |     SVK       1997       2013 |
3245. |     SWE       1997       2013 |
3338. |     TUR       1997       2013 |
3442. |     USA       1997       2013 |
      +-------------------------------+
      name:  <unnamed>
       log:  C:\Users\Public\Final-Project-Metrics\olivetti_family_policies\T4regs_stats.log
  log type:  text
 paused on:   1 Mar 2022, 12:04:41
-----------------------------------------------------------------------------------------------------------------------------
-----------------------------------------------------------------------------------------------------------------------------
      name:  <unnamed>
       log:  C:\Users\Public\Final-Project-Metrics\olivetti_family_policies\T4regs_stats.log
  log type:  text
resumed on:   1 Mar 2022, 12:04:41

    Variable |        Obs        Mean    Std. Dev.       Min        Max
-------------+---------------------------------------------------------
 country_tag |         29           1           0          1          1

    Variable |        Obs        Mean    Std. Dev.       Min        Max
-------------+---------------------------------------------------------
        year |        300     2005.38    4.864959       1997       2013

      +-------------------------------+
      | country   year_min   year_max |
      |-------------------------------|
  54. |     AUS       1997       2012 |
 179. |     AUT       2005       2013 |
 268. |     BEL       2000       2011 |
 416. |     CAN       1998       2012 |
 516. |     CHE       1997       2013 |
 692. |     CZE       1997       2013 |
 795. |     DEU       1997       2009 |
 898. |     DNK       1997       2013 |
 999. |     ESP       1997       2012 |
1185. |     FIN       1997       2012 |
1287. |     FRA       1997       2011 |
1392. |     GBR       1997       2013 |
1529. |     GRC       2009       2013 |
1588. |     HUN       1997       2013 |
1689. |     IRL       1997       2013 |
1970. |     ITA       1998       2011 |
2100. |     JPN       2007       2012 |
2168. |     KOR       1998       2013 |
2333. |     LUX       2002       2013 |
2506. |     MEX       2012       2012 |
2566. |     NLD       1997       2010 |
2667. |     NOR       1997       2013 |
2772. |     NZL       1997       2013 |
2866. |     POL       1998       2012 |
2966. |     PRT       1997       2013 |
3094. |     SVK       2008       2013 |
3245. |     SWE       1997       2013 |
3358. |     TUR       2004       2013 |
3442. |     USA       1997       2013 |
      +-------------------------------+
      name:  <unnamed>
       log:  C:\Users\Public\Final-Project-Metrics\olivetti_family_policies\T4regs_stats.log
  log type:  text
 paused on:   1 Mar 2022, 12:04:41
-----------------------------------------------------------------------------------------------------------------------------
-----------------------------------------------------------------------------------------------------------------------------
      name:  <unnamed>
       log:  C:\Users\Public\Final-Project-Metrics\olivetti_family_policies\T4regs_stats.log
  log type:  text
resumed on:   1 Mar 2022, 12:04:42

    Variable |        Obs        Mean    Std. Dev.       Min        Max
-------------+---------------------------------------------------------
 country_tag |         30           1           0          1          1

    Variable |        Obs        Mean    Std. Dev.       Min        Max
-------------+---------------------------------------------------------
        year |        504    2005.093    4.857127       1997       2013

      +-------------------------------+
      | country   year_min   year_max |
      |-------------------------------|
  52. |     AUS       1997       2013 |
 155. |     AUT       1997       2013 |
 260. |     BEL       1997       2013 |
 414. |     CAN       1997       2013 |
 515. |     CHE       1997       2013 |
 691. |     CZE       1997       2013 |
 793. |     DEU       1997       2013 |
 900. |     DNK       1998       2013 |
1000. |     ESP       1997       2013 |
1184. |     FIN       1997       2013 |
1289. |     FRA       1997       2013 |
1391. |     GBR       1997       2013 |
1494. |     GRC       1997       2013 |
1586. |     HUN       1997       2013 |
1691. |     IRL       1997       2013 |
1784. |     ISL       1997       2013 |
1971. |     ITA       1998       2013 |
2070. |     JPN       1997       2013 |
2164. |     KOR       1997       2013 |
2325. |     LUX       1999       2013 |
2461. |     MEX       1997       2013 |
2567. |     NLD       1998       2013 |
2669. |     NOR       1997       2013 |
2770. |     NZL       1997       2013 |
2863. |     POL       1997       2013 |
2971. |     PRT       1998       2013 |
3059. |     SVK       1997       2013 |
3246. |     SWE       1997       2013 |
3339. |     TUR       1997       2013 |
3440. |     USA       1997       2013 |
      +-------------------------------+
      name:  <unnamed>
       log:  C:\Users\Public\Final-Project-Metrics\olivetti_family_policies\T4regs_stats.log
  log type:  text
 paused on:   1 Mar 2022, 12:04:42
-----------------------------------------------------------------------------------------------------------------------------
-----------------------------------------------------------------------------------------------------------------------------
      name:  <unnamed>
       log:  C:\Users\Public\Final-Project-Metrics\olivetti_family_policies\T4regs_stats.log
  log type:  text
resumed on:   1 Mar 2022, 12:04:42

    Variable |        Obs        Mean    Std. Dev.       Min        Max
-------------+---------------------------------------------------------
 country_tag |         29           1           0          1          1

    Variable |        Obs        Mean    Std. Dev.       Min        Max
-------------+---------------------------------------------------------
        year |        300     2005.38    4.864959       1997       2013

      +-------------------------------+
      | country   year_min   year_max |
      |-------------------------------|
  52. |     AUS       1997       2012 |
 180. |     AUT       2005       2013 |
 269. |     BEL       2000       2011 |
 417. |     CAN       1998       2012 |
 515. |     CHE       1997       2013 |
 691. |     CZE       1997       2013 |
 793. |     DEU       1997       2009 |
 896. |     DNK       1997       2013 |
1000. |     ESP       1997       2012 |
1184. |     FIN       1997       2012 |
1289. |     FRA       1997       2011 |
1391. |     GBR       1997       2013 |
1531. |     GRC       2009       2013 |
1586. |     HUN       1997       2013 |
1691. |     IRL       1997       2013 |
1971. |     ITA       1998       2011 |
2101. |     JPN       2007       2012 |
2167. |     KOR       1998       2013 |
2334. |     LUX       2002       2013 |
2507. |     MEX       2012       2012 |
2565. |     NLD       1997       2010 |
2669. |     NOR       1997       2013 |
2770. |     NZL       1997       2013 |
2867. |     POL       1998       2012 |
2967. |     PRT       1997       2013 |
3092. |     SVK       2008       2013 |
3246. |     SWE       1997       2013 |
3360. |     TUR       2004       2013 |
3440. |     USA       1997       2013 |
      +-------------------------------+
      name:  <unnamed>
       log:  C:\Users\Public\Final-Project-Metrics\olivetti_family_policies\T4regs_stats.log
  log type:  text
 paused on:   1 Mar 2022, 12:04:42
-----------------------------------------------------------------------------------------------------------------------------
-----------------------------------------------------------------------------------------------------------------------------
      name:  <unnamed>
       log:  C:\Users\Public\Final-Project-Metrics\olivetti_family_policies\T4regs_stats.log
  log type:  text
resumed on:   1 Mar 2022, 12:04:43

    Variable |        Obs        Mean    Std. Dev.       Min        Max
-------------+---------------------------------------------------------
 country_tag |         30           1           0          1          1

    Variable |        Obs        Mean    Std. Dev.       Min        Max
-------------+---------------------------------------------------------
        year |        504    2005.093    4.857127       1997       2013

      +-------------------------------+
      | country   year_min   year_max |
      |-------------------------------|
  53. |     AUS       1997       2013 |
 157. |     AUT       1997       2013 |
 259. |     BEL       1997       2013 |
 413. |     CAN       1997       2013 |
 517. |     CHE       1997       2013 |
 690. |     CZE       1997       2013 |
 794. |     DEU       1997       2013 |
 899. |     DNK       1998       2013 |
1001. |     ESP       1997       2013 |
1186. |     FIN       1997       2013 |
1288. |     FRA       1997       2013 |
1390. |     GBR       1997       2013 |
1493. |     GRC       1997       2013 |
1587. |     HUN       1997       2013 |
1690. |     IRL       1997       2013 |
1783. |     ISL       1997       2013 |
1972. |     ITA       1998       2013 |
2072. |     JPN       1997       2013 |
2165. |     KOR       1997       2013 |
2323. |     LUX       1999       2013 |
2463. |     MEX       1997       2013 |
2568. |     NLD       1998       2013 |
2668. |     NOR       1997       2013 |
2771. |     NZL       1997       2013 |
2864. |     POL       1997       2013 |
2970. |     PRT       1998       2013 |
3061. |     SVK       1997       2013 |
3244. |     SWE       1997       2013 |
3337. |     TUR       1997       2013 |
3441. |     USA       1997       2013 |
      +-------------------------------+
      name:  <unnamed>
       log:  C:\Users\Public\Final-Project-Metrics\olivetti_family_policies\T4regs_stats.log
  log type:  text
 paused on:   1 Mar 2022, 12:04:43
-----------------------------------------------------------------------------------------------------------------------------
-----------------------------------------------------------------------------------------------------------------------------
      name:  <unnamed>
       log:  C:\Users\Public\Final-Project-Metrics\olivetti_family_policies\T4regs_stats.log
  log type:  text
resumed on:   1 Mar 2022, 12:04:44

    Variable |        Obs        Mean    Std. Dev.       Min        Max
-------------+---------------------------------------------------------
 country_tag |         29           1           0          1          1

    Variable |        Obs        Mean    Std. Dev.       Min        Max
-------------+---------------------------------------------------------
        year |        300     2005.38    4.864959       1997       2013

      +-------------------------------+
      | country   year_min   year_max |
      |-------------------------------|
  53. |     AUS       1997       2012 |
 181. |     AUT       2005       2013 |
 267. |     BEL       2000       2011 |
 415. |     CAN       1998       2012 |
 517. |     CHE       1997       2013 |
 690. |     CZE       1997       2013 |
 794. |     DEU       1997       2009 |
 897. |     DNK       1997       2013 |
1001. |     ESP       1997       2012 |
1186. |     FIN       1997       2012 |
1288. |     FRA       1997       2011 |
1390. |     GBR       1997       2013 |
1530. |     GRC       2009       2013 |
1587. |     HUN       1997       2013 |
1690. |     IRL       1997       2013 |
1972. |     ITA       1998       2011 |
2102. |     JPN       2007       2012 |
2166. |     KOR       1998       2013 |
2332. |     LUX       2002       2013 |
2508. |     MEX       2012       2012 |
2564. |     NLD       1997       2010 |
2668. |     NOR       1997       2013 |
2771. |     NZL       1997       2013 |
2868. |     POL       1998       2012 |
2968. |     PRT       1997       2013 |
3093. |     SVK       2008       2013 |
3244. |     SWE       1997       2013 |
3359. |     TUR       2004       2013 |
3441. |     USA       1997       2013 |
      +-------------------------------+
      name:  <unnamed>
       log:  C:\Users\Public\Final-Project-Metrics\olivetti_family_policies\T4regs_stats.log
  log type:  text
 paused on:   1 Mar 2022, 12:04:44
-----------------------------------------------------------------------------------------------------------------------------
