----------------------------------------------------------------------------------------------------------------------------------------------------
      name:  <unnamed>
       log:  C:\Users\jackogle\Final-Project-Metrics\replication-code-and-data\T3regs_stats.log
  log type:  text
 opened on:  15 Mar 2022, 16:55:56

. 
. 
. foreach x in Femp_rate E_gap W_gap fertility {
  2. 
. xi: reg `x' total_protected total_sq i.year i.country, robust
  3. outreg2 using Table3.xls, append ctitle("`label'") label dec(3) keep(total_protected total_sq perc_total_paid avg_payment ecec)
  4. outreg2 using Table3_summary.xls, append ctitle("`label'") label dec(3) sum drop(_I*)
  5. 
. egen country_tag=tag(country) if e(sample)
  6. egen year_min=min(year) if e(sample), by(country)
  7. egen year_max=max(year) if e(sample), by(country)
  8. 
. log on
  9. sum country_tag if e(sample) & country_tag==1
 10. sum year if e(sample)
 11. list country year_min year_max if country_tag==1, sep(0)
 12. log off
 13. drop country_tag-year_max
 14. 
. 
. xi: reg `x' total_protected total_sq perc_total_paid avg_payment ecec i.year i.country, robust
 15. outreg2 using Table3.xls, append ctitle("`label'") label dec(3) keep(total_protected total_sq perc_total_paid avg_payment ecec)
 16. outreg2 using Table3_summary.xls, append ctitle("`label'") label dec(3) sum drop(_I*)
 17. 
. egen country_tag=tag(country) if e(sample)
 18. egen year_min=min(year) if e(sample), by(country)
 19. egen year_max=max(year) if e(sample), by(country)
 20. 
. log on
 21. sum country_tag if e(sample) & country_tag==1
 22. sum year if e(sample)
 23. list country year_min year_max if country_tag==1, sep(0)
 24. log off
 25. drop country_tag-year_max
 26. 
. }
i.year            _Iyear_1960-2014    (naturally coded; _Iyear_1960 omitted)
i.country         _Icountry_1-31      (_Icountry_1 for country==AUS omitted)
note: _Iyear_1961 omitted because of collinearity
note: _Iyear_1962 omitted because of collinearity
note: _Iyear_1963 omitted because of collinearity
note: _Iyear_1964 omitted because of collinearity
note: _Iyear_1965 omitted because of collinearity
note: _Iyear_1966 omitted because of collinearity
note: _Iyear_1967 omitted because of collinearity
note: _Iyear_1968 omitted because of collinearity
note: _Iyear_1969 omitted because of collinearity
note: _Iyear_1971 omitted because of collinearity
note: _Icountry_20 omitted because of collinearity

Linear regression                               Number of obs     =      1,026
                                                F(75, 950)        =     382.11
                                                Prob > F          =     0.0000
                                                R-squared         =     0.9135
                                                Root MSE          =     3.9326

---------------------------------------------------------------------------------
                |               Robust
      Femp_rate |      Coef.   Std. Err.      t    P>|t|     [95% Conf. Interval]
----------------+----------------------------------------------------------------
total_protected |   .1133216    .019218     5.90   0.000      .075607    .1510362
       total_sq |  -.0776762   .0103937    -7.47   0.000    -.0980734   -.0572791
    _Iyear_1961 |          0  (omitted)
    _Iyear_1962 |          0  (omitted)
    _Iyear_1963 |          0  (omitted)
    _Iyear_1964 |          0  (omitted)
    _Iyear_1965 |          0  (omitted)
    _Iyear_1966 |          0  (omitted)
    _Iyear_1967 |          0  (omitted)
    _Iyear_1968 |          0  (omitted)
    _Iyear_1969 |          0  (omitted)
    _Iyear_1970 |   1.364529   2.167528     0.63   0.529    -2.889167    5.618226
    _Iyear_1971 |          0  (omitted)
    _Iyear_1972 |  -.0468583    2.17383    -0.02   0.983    -4.312921    4.219205
    _Iyear_1973 |   .9872792     2.2593     0.44   0.662    -3.446517    5.421075
    _Iyear_1974 |   1.814923   2.181411     0.83   0.406    -2.466019    6.095865
    _Iyear_1975 |   1.437613   1.992466     0.72   0.471    -2.472531    5.347757
    _Iyear_1976 |   1.802144   1.983269     0.91   0.364    -2.089951    5.694239
    _Iyear_1977 |   2.327082   1.932413     1.20   0.229    -1.465209    6.119372
    _Iyear_1978 |   2.586991   1.959634     1.32   0.187    -1.258721    6.432703
    _Iyear_1979 |   3.301886    1.90773     1.73   0.084    -.4419663    7.045738
    _Iyear_1980 |   4.867279   1.937052     2.51   0.012     1.065883    8.668674
    _Iyear_1981 |   4.915783   1.923239     2.56   0.011     1.141495    8.690071
    _Iyear_1982 |   5.293309   1.989027     2.66   0.008     1.389914    9.196704
    _Iyear_1983 |   5.310747   1.871901     2.84   0.005     1.637209    8.984286
    _Iyear_1984 |   5.386055   1.868445     2.88   0.004     1.719298    9.052812
    _Iyear_1985 |   6.357191   1.953657     3.25   0.001     2.523209    10.19117
    _Iyear_1986 |   7.779995   1.983858     3.92   0.000     3.886745    11.67324
    _Iyear_1987 |   8.922759   1.916266     4.66   0.000     5.162155    12.68336
    _Iyear_1988 |   9.690767    1.92256     5.04   0.000     5.917812    13.46372
    _Iyear_1989 |   10.24178   1.939661     5.28   0.000     6.435266     14.0483
    _Iyear_1990 |   10.89518   1.882513     5.79   0.000     7.200818    14.58955
    _Iyear_1991 |   10.89794   1.785258     6.10   0.000     7.394436    14.40145
    _Iyear_1992 |   11.31615   1.761245     6.43   0.000     7.859766    14.77252
    _Iyear_1993 |   10.76938   1.738212     6.20   0.000     7.358202    14.18056
    _Iyear_1994 |   11.06304    1.76096     6.28   0.000     7.607214    14.51886
    _Iyear_1995 |   11.48764   1.756455     6.54   0.000     8.040656    14.93462
    _Iyear_1996 |   11.99157   1.751821     6.85   0.000     8.553686    15.42946
    _Iyear_1997 |   12.47058   1.742142     7.16   0.000      9.05169    15.88947
    _Iyear_1998 |    13.0998   1.752432     7.48   0.000     9.660713    16.53888
    _Iyear_1999 |   13.95251   1.752749     7.96   0.000     10.51281    17.39222
    _Iyear_2000 |   14.52333   1.757781     8.26   0.000     11.07375    17.97291
    _Iyear_2001 |    14.9133   1.754627     8.50   0.000     11.46991     18.3567
    _Iyear_2002 |   15.20237   1.771097     8.58   0.000     11.72665    18.67808
    _Iyear_2003 |   15.26452    1.78154     8.57   0.000     11.76831    18.76073
    _Iyear_2004 |    15.4094   1.809377     8.52   0.000     11.85856    18.96024
    _Iyear_2005 |    16.0798   1.832108     8.78   0.000     12.48436    19.67525
    _Iyear_2006 |   16.82846   1.844472     9.12   0.000     13.20875    20.44817
    _Iyear_2007 |   17.54077   1.867935     9.39   0.000     13.87501    21.20652
    _Iyear_2008 |   18.06126   1.887458     9.57   0.000     14.35719    21.76533
    _Iyear_2009 |   17.29969   1.883035     9.19   0.000     13.60431    20.99508
    _Iyear_2010 |   17.09595   1.885002     9.07   0.000      13.3967     20.7952
    _Iyear_2011 |   17.25789   1.877034     9.19   0.000     13.57428    20.94151
    _Iyear_2012 |   17.51844   1.877705     9.33   0.000     13.83351    21.20337
    _Iyear_2013 |    17.8281   1.869841     9.53   0.000     14.15861     21.4976
    _Iyear_2014 |    18.4311   1.857405     9.92   0.000     14.78601    22.07619
    _Icountry_2 |  -.9714148   .6869628    -1.41   0.158    -2.319555    .3767251
    _Icountry_3 |  -11.20561   .6022393   -18.61   0.000    -12.38749   -10.02374
    _Icountry_4 |   3.666604   .3330337    11.01   0.000     3.013038    4.320171
    _Icountry_5 |   10.38532   .4437232    23.40   0.000     9.514533    11.25611
    _Icountry_6 |   1.021535   1.262881     0.81   0.419    -1.456823    3.499893
    _Icountry_7 |   .3679118   .9113793     0.40   0.687    -1.420638    2.156461
    _Icountry_8 |   9.638908   .7512533    12.83   0.000     8.164601    11.11322
    _Icountry_9 |  -19.64139   .9777018   -20.09   0.000    -21.56009   -17.72268
   _Icountry_10 |   11.95232   .9384915    12.74   0.000     10.11057    13.79408
   _Icountry_11 |  -.8283867   1.007863    -0.82   0.411    -2.806282    1.149509
   _Icountry_12 |   2.528726   .4525453     5.59   0.000     1.640622     3.41683
   _Icountry_13 |  -19.34494   .5240141   -36.92   0.000    -20.37329   -18.31658
   _Icountry_14 |  -7.354272   1.048885    -7.01   0.000    -9.412671   -5.295874
   _Icountry_15 |  -13.33862   .9762233   -13.66   0.000    -15.25442   -11.42282
   _Icountry_16 |   16.70185   .5322007    31.38   0.000     15.65742    17.74627
   _Icountry_17 |  -20.41064   .5163484   -39.53   0.000    -21.42396   -19.39732
   _Icountry_18 |  -1.313005   .6366972    -2.06   0.039      -2.5625   -.0635096
   _Icountry_19 |  -9.825155   .6329715   -15.52   0.000    -11.06734   -8.582971
   _Icountry_20 |          0  (omitted)
   _Icountry_21 |  -11.09581   .5371517   -20.66   0.000    -12.14995   -10.04167
   _Icountry_22 |   -19.7399   .4649408   -42.46   0.000    -20.65233   -18.82747
   _Icountry_23 |  -6.384158   1.315686    -4.85   0.000    -8.966145    -3.80217
   _Icountry_24 |    8.67704   .7319978    11.85   0.000      7.24052    10.11356
   _Icountry_25 |   1.674555   .5229076     3.20   0.001     .6483676    2.700742
   _Icountry_26 |  -4.183337   1.397735    -2.99   0.003    -6.926342   -1.440333
   _Icountry_27 |  -2.385743   .3427936    -6.96   0.000    -3.058463   -1.713023
   _Icountry_28 |  -4.377139   1.153876    -3.79   0.000     -6.64158   -2.112698
   _Icountry_29 |   13.88021   1.068683    12.99   0.000     11.78296    15.97746
   _Icountry_30 |   -33.7542    1.19393   -28.27   0.000    -36.09725   -31.41116
   _Icountry_31 |   5.633862   .5892948     9.56   0.000     4.477392    6.790332
          _cons |   43.95483   1.560777    28.16   0.000     40.89186     47.0178
---------------------------------------------------------------------------------
Table3.xls
dir : seeout

    Variable |        Obs        Mean    Std. Dev.       Min        Max
-------------+---------------------------------------------------------
   Femp_rate |      1,026    54.80036    12.87549   22.31909   81.67046
total_prot~d |      1,026    58.77573    52.28076          0        182
    total_sq |      1,026      61.852    94.09859          0     331.24
 _Iyear_1961 |      1,026           0           0          0          0
 _Iyear_1962 |      1,026           0           0          0          0
-------------+---------------------------------------------------------
 _Iyear_1963 |      1,026           0           0          0          0
 _Iyear_1964 |      1,026           0           0          0          0
 _Iyear_1965 |      1,026           0           0          0          0
 _Iyear_1966 |      1,026           0           0          0          0
 _Iyear_1967 |      1,026           0           0          0          0
-------------+---------------------------------------------------------
 _Iyear_1968 |      1,026           0           0          0          0
 _Iyear_1969 |      1,026           0           0          0          0
 _Iyear_1970 |      1,026    .0068226     .082357          0          1
 _Iyear_1971 |      1,026    .0087719    .0932924          0          1
 _Iyear_1972 |      1,026    .0097466    .0982904          0          1
-------------+---------------------------------------------------------
 _Iyear_1973 |      1,026    .0097466    .0982904          0          1
 _Iyear_1974 |      1,026    .0107212    .1030371          0          1
 _Iyear_1975 |      1,026    .0116959    .1075657          0          1
 _Iyear_1976 |      1,026    .0116959    .1075657          0          1
 _Iyear_1977 |      1,026    .0126706    .1119028          0          1
-------------+---------------------------------------------------------
 _Iyear_1978 |      1,026    .0116959    .1075657          0          1
 _Iyear_1979 |      1,026    .0126706    .1119028          0          1
 _Iyear_1980 |      1,026    .0126706    .1119028          0          1
 _Iyear_1981 |      1,026    .0136452    .1160696          0          1
 _Iyear_1982 |      1,026    .0126706    .1119028          0          1
-------------+---------------------------------------------------------
 _Iyear_1983 |      1,026    .0185185    .1348826          0          1
 _Iyear_1984 |      1,026    .0194932    .1383179          0          1
 _Iyear_1985 |      1,026    .0194932    .1383179          0          1
 _Iyear_1986 |      1,026    .0204678    .1416632          0          1
 _Iyear_1987 |      1,026    .0204678    .1416632          0          1
-------------+---------------------------------------------------------
 _Iyear_1988 |      1,026    .0214425    .1449248          0          1
 _Iyear_1989 |      1,026    .0214425    .1449248          0          1
 _Iyear_1990 |      1,026    .0214425    .1449248          0          1
 _Iyear_1991 |      1,026    .0243665    .1542593          0          1
 _Iyear_1992 |      1,026    .0263158    .1601508          0          1
-------------+---------------------------------------------------------
 _Iyear_1993 |      1,026    .0272904    .1630079          0          1
 _Iyear_1994 |      1,026    .0292398    .1685601          0          1
 _Iyear_1995 |      1,026    .0292398    .1685601          0          1
 _Iyear_1996 |      1,026    .0292398    .1685601          0          1
 _Iyear_1997 |      1,026    .0292398    .1685601          0          1
-------------+---------------------------------------------------------
 _Iyear_1998 |      1,026    .0292398    .1685601          0          1
 _Iyear_1999 |      1,026    .0292398    .1685601          0          1
 _Iyear_2000 |      1,026    .0292398    .1685601          0          1
 _Iyear_2001 |      1,026    .0292398    .1685601          0          1
 _Iyear_2002 |      1,026    .0292398    .1685601          0          1
-------------+---------------------------------------------------------
 _Iyear_2003 |      1,026    .0292398    .1685601          0          1
 _Iyear_2004 |      1,026    .0292398    .1685601          0          1
 _Iyear_2005 |      1,026    .0292398    .1685601          0          1
 _Iyear_2006 |      1,026    .0292398    .1685601          0          1
 _Iyear_2007 |      1,026    .0292398    .1685601          0          1
-------------+---------------------------------------------------------
 _Iyear_2008 |      1,026    .0292398    .1685601          0          1
 _Iyear_2009 |      1,026    .0292398    .1685601          0          1
 _Iyear_2010 |      1,026    .0292398    .1685601          0          1
 _Iyear_2011 |      1,026    .0292398    .1685601          0          1
 _Iyear_2012 |      1,026    .0292398    .1685601          0          1
-------------+---------------------------------------------------------
 _Iyear_2013 |      1,026    .0292398    .1685601          0          1
 _Iyear_2014 |      1,026    .0292398    .1685601          0          1
 _Icountry_2 |      1,026    .0204678    .1416632          0          1
 _Icountry_3 |      1,026    .0311891    .1739132          0          1
 _Icountry_4 |      1,026    .0380117    .1913178          0          1
-------------+---------------------------------------------------------
 _Icountry_5 |      1,026    .0233918    .1512181          0          1
 _Icountry_6 |      1,026    .0214425    .1449248          0          1
 _Icountry_7 |      1,026    .0438596    .2048826          0          1
 _Icountry_8 |      1,026    .0311891    .1739132          0          1
 _Icountry_9 |      1,026    .0419103     .200482          0          1
-------------+---------------------------------------------------------
_Icountry_10 |      1,026    .0438596    .2048826          0          1
_Icountry_11 |      1,026    .0311891    .1739132          0          1
_Icountry_12 |      1,026    .0302144    .1712603          0          1
_Icountry_13 |      1,026    .0311891    .1739132          0          1
_Icountry_14 |      1,026    .0224172    .1481081          0          1
-------------+---------------------------------------------------------
_Icountry_15 |      1,026    .0360624    .1865363          0          1
_Icountry_16 |      1,026    .0233918    .1512181          0          1
_Icountry_17 |      1,026    .0438596    .2048826          0          1
_Icountry_18 |      1,026    .0438596    .2048826          0          1
_Icountry_19 |      1,026    .0341131    .1816081          0          1
-------------+---------------------------------------------------------
_Icountry_20 |      1,026           0           0          0          0
_Icountry_21 |      1,026    .0311891    .1739132          0          1
_Icountry_22 |      1,026    .0233918    .1512181          0          1
_Icountry_23 |      1,026     .042885    .2026966          0          1
_Icountry_24 |      1,026    .0419103     .200482          0          1
-------------+---------------------------------------------------------
_Icountry_25 |      1,026    .0282651    .1658101          0          1
_Icountry_26 |      1,026    .0224172    .1481081          0          1
_Icountry_27 |      1,026     .039961    .1959632          0          1
_Icountry_28 |      1,026    .0204678    .1416632          0          1
_Icountry_29 |      1,026    .0438596    .2048826          0          1
-------------+---------------------------------------------------------
_Icountry_30 |      1,026    .0263158    .1601508          0          1
_Icountry_31 |      1,026    .0438596    .2048826          0          1

Table3_summary.xls
dir : seeout
(668 missing values generated)
(668 missing values generated)
(log already on)

    Variable |        Obs        Mean    Std. Dev.       Min        Max
-------------+---------------------------------------------------------
 country_tag |         30           1           0          1          1

    Variable |        Obs        Mean    Std. Dev.       Min        Max
-------------+---------------------------------------------------------
        year |      1,026    1996.253    11.62168       1970       2014

      +-------------------------------+
      | country   year_min   year_max |
      |-------------------------------|
  11. |     AUS       1970       2014 |
  90. |     AUT       1994       2014 |
 134. |     BEL       1983       2014 |
 182. |     CAN       1976       2014 |
 252. |     CHE       1991       2014 |
 309. |     CZE       1993       2014 |
 341. |     DEU       1970       2014 |
 409. |     DNK       1983       2014 |
 453. |     ESP       1972       2014 |
 506. |     FIN       1970       2014 |
 574. |     FRA       1983       2014 |
 630. |     GBR       1984       2014 |
 684. |     GRC       1983       2014 |
 748. |     HUN       1992       2014 |
 782. |     IRL       1971       2014 |
 857. |     ISL       1991       2014 |
 891. |     ITA       1970       2014 |
 946. |     JPN       1970       2014 |
1011. |     KOR       1980       2014 |
1113. |     LUX       1983       2014 |
1176. |     MEX       1991       2014 |
1211. |     NLD       1971       2014 |
1267. |     NOR       1972       2014 |
1336. |     NZL       1986       2014 |
1397. |     POL       1992       2014 |
1434. |     PRT       1974       2014 |
1509. |     SVK       1994       2014 |
1540. |     SWE       1970       2014 |
1613. |     TUR       1988       2014 |
1650. |     USA       1970       2014 |
      +-------------------------------+
      name:  <unnamed>
       log:  C:\Users\jackogle\Final-Project-Metrics\replication-code-and-data\T3regs_stats.log
  log type:  text
 paused on:  15 Mar 2022, 16:55:56
----------------------------------------------------------------------------------------------------------------------------------------------------
----------------------------------------------------------------------------------------------------------------------------------------------------
      name:  <unnamed>
       log:  C:\Users\jackogle\Final-Project-Metrics\replication-code-and-data\T3regs_stats.log
  log type:  text
resumed on:  15 Mar 2022, 16:55:57

    Variable |        Obs        Mean    Std. Dev.       Min        Max
-------------+---------------------------------------------------------
 country_tag |         22           1           0          1          1

    Variable |        Obs        Mean    Std. Dev.       Min        Max
-------------+---------------------------------------------------------
        year |        667     1993.72    10.78639       1970       2010

      +-------------------------------+
      | country   year_min   year_max |
      |-------------------------------|
  38. |     AUS       1997       2010 |
  90. |     AUT       1994       2010 |
 134. |     BEL       1983       2010 |
 182. |     CAN       1976       2010 |
 252. |     CHE       1991       2010 |
 341. |     DEU       1970       2010 |
 409. |     DNK       1983       2010 |
 453. |     ESP       1972       2010 |
 506. |     FIN       1970       2010 |
 574. |     FRA       1983       2010 |
 630. |     GBR       1984       2010 |
 684. |     GRC       1983       2010 |
 792. |     IRL       1981       2010 |
 891. |     ITA       1970       2010 |
 946. |     JPN       1970       2010 |
1113. |     LUX       1983       2010 |
1211. |     NLD       1971       2010 |
1267. |     NOR       1972       2010 |
1352. |     NZL       2002       2010 |
1434. |     PRT       1974       2010 |
1540. |     SWE       1970       2010 |
1674. |     USA       1994       2010 |
      +-------------------------------+
      name:  <unnamed>
       log:  C:\Users\jackogle\Final-Project-Metrics\replication-code-and-data\T3regs_stats.log
  log type:  text
 paused on:  15 Mar 2022, 16:55:57
----------------------------------------------------------------------------------------------------------------------------------------------------
----------------------------------------------------------------------------------------------------------------------------------------------------
      name:  <unnamed>
       log:  C:\Users\jackogle\Final-Project-Metrics\replication-code-and-data\T3regs_stats.log
  log type:  text
resumed on:  15 Mar 2022, 16:55:57

    Variable |        Obs        Mean    Std. Dev.       Min        Max
-------------+---------------------------------------------------------
 country_tag |         30           1           0          1          1

    Variable |        Obs        Mean    Std. Dev.       Min        Max
-------------+---------------------------------------------------------
        year |      1,026    1996.253    11.62168       1970       2014

      +-------------------------------+
      | country   year_min   year_max |
      |-------------------------------|
  11. |     AUS       1970       2014 |
  90. |     AUT       1994       2014 |
 134. |     BEL       1983       2014 |
 182. |     CAN       1976       2014 |
 252. |     CHE       1991       2014 |
 309. |     CZE       1993       2014 |
 341. |     DEU       1970       2014 |
 409. |     DNK       1983       2014 |
 453. |     ESP       1972       2014 |
 506. |     FIN       1970       2014 |
 574. |     FRA       1983       2014 |
 630. |     GBR       1984       2014 |
 684. |     GRC       1983       2014 |
 748. |     HUN       1992       2014 |
 782. |     IRL       1971       2014 |
 857. |     ISL       1991       2014 |
 891. |     ITA       1970       2014 |
 946. |     JPN       1970       2014 |
1011. |     KOR       1980       2014 |
1113. |     LUX       1983       2014 |
1176. |     MEX       1991       2014 |
1211. |     NLD       1971       2014 |
1267. |     NOR       1972       2014 |
1336. |     NZL       1986       2014 |
1397. |     POL       1992       2014 |
1434. |     PRT       1974       2014 |
1509. |     SVK       1994       2014 |
1540. |     SWE       1970       2014 |
1613. |     TUR       1988       2014 |
1650. |     USA       1970       2014 |
      +-------------------------------+
      name:  <unnamed>
       log:  C:\Users\jackogle\Final-Project-Metrics\replication-code-and-data\T3regs_stats.log
  log type:  text
 paused on:  15 Mar 2022, 16:55:57
----------------------------------------------------------------------------------------------------------------------------------------------------
----------------------------------------------------------------------------------------------------------------------------------------------------
      name:  <unnamed>
       log:  C:\Users\jackogle\Final-Project-Metrics\replication-code-and-data\T3regs_stats.log
  log type:  text
resumed on:  15 Mar 2022, 16:55:58

    Variable |        Obs        Mean    Std. Dev.       Min        Max
-------------+---------------------------------------------------------
 country_tag |         22           1           0          1          1

    Variable |        Obs        Mean    Std. Dev.       Min        Max
-------------+---------------------------------------------------------
        year |        667     1993.72    10.78639       1970       2010

      +-------------------------------+
      | country   year_min   year_max |
      |-------------------------------|
  38. |     AUS       1997       2010 |
  90. |     AUT       1994       2010 |
 134. |     BEL       1983       2010 |
 182. |     CAN       1976       2010 |
 252. |     CHE       1991       2010 |
 341. |     DEU       1970       2010 |
 409. |     DNK       1983       2010 |
 453. |     ESP       1972       2010 |
 506. |     FIN       1970       2010 |
 574. |     FRA       1983       2010 |
 630. |     GBR       1984       2010 |
 684. |     GRC       1983       2010 |
 792. |     IRL       1981       2010 |
 891. |     ITA       1970       2010 |
 946. |     JPN       1970       2010 |
1113. |     LUX       1983       2010 |
1211. |     NLD       1971       2010 |
1267. |     NOR       1972       2010 |
1352. |     NZL       2002       2010 |
1434. |     PRT       1974       2010 |
1540. |     SWE       1970       2010 |
1674. |     USA       1994       2010 |
      +-------------------------------+
      name:  <unnamed>
       log:  C:\Users\jackogle\Final-Project-Metrics\replication-code-and-data\T3regs_stats.log
  log type:  text
 paused on:  15 Mar 2022, 16:55:58
----------------------------------------------------------------------------------------------------------------------------------------------------
----------------------------------------------------------------------------------------------------------------------------------------------------
      name:  <unnamed>
       log:  C:\Users\jackogle\Final-Project-Metrics\replication-code-and-data\T3regs_stats.log
  log type:  text
resumed on:  15 Mar 2022, 16:55:58

    Variable |        Obs        Mean    Std. Dev.       Min        Max
-------------+---------------------------------------------------------
 country_tag |         30           1           0          1          1

    Variable |        Obs        Mean    Std. Dev.       Min        Max
-------------+---------------------------------------------------------
        year |        545    1999.532    10.14886       1970       2013

      +-------------------------------+
      | country   year_min   year_max |
      |-------------------------------|
  16. |     AUS       1975       2013 |
  96. |     AUT       2000       2012 |
 150. |     BEL       1999       2012 |
 203. |     CAN       1997       2013 |
 257. |     CHE       1996       2010 |
 312. |     CZE       1996       2013 |
 363. |     DEU       1992       2011 |
 422. |     DNK       1996       2012 |
 485. |     ESP       2004       2012 |
 513. |     FIN       1977       2012 |
 586. |     FRA       1995       2010 |
 616. |     GBR       1970       2013 |
 705. |     GRC       2004       2012 |
 745. |     HUN       1989       2013 |
 805. |     IRL       1994       2013 |
 870. |     ISL       2004       2011 |
 907. |     ITA       1986       2012 |
 951. |     JPN       1975       2013 |
1023. |     KOR       1992       2013 |
1132. |     LUX       2002       2010 |
1190. |     MEX       2005       2013 |
1242. |     NLD       2002       2010 |
1292. |     NOR       1997       2013 |
1334. |     NZL       1984       2013 |
1396. |     POL       1991       2012 |
1464. |     PRT       2004       2012 |
1517. |     SVK       2002       2013 |
1545. |     SWE       1975       2012 |
1635. |     TUR       2010       2010 |
1653. |     USA       1973       2013 |
      +-------------------------------+
      name:  <unnamed>
       log:  C:\Users\jackogle\Final-Project-Metrics\replication-code-and-data\T3regs_stats.log
  log type:  text
 paused on:  15 Mar 2022, 16:55:58
----------------------------------------------------------------------------------------------------------------------------------------------------
----------------------------------------------------------------------------------------------------------------------------------------------------
      name:  <unnamed>
       log:  C:\Users\jackogle\Final-Project-Metrics\replication-code-and-data\T3regs_stats.log
  log type:  text
resumed on:  15 Mar 2022, 16:55:59

    Variable |        Obs        Mean    Std. Dev.       Min        Max
-------------+---------------------------------------------------------
 country_tag |         22           1           0          1          1

    Variable |        Obs        Mean    Std. Dev.       Min        Max
-------------+---------------------------------------------------------
        year |        340    1998.774    9.532364       1970       2010

      +-------------------------------+
      | country   year_min   year_max |
      |-------------------------------|
  38. |     AUS       1997       2010 |
  96. |     AUT       2000       2010 |
 150. |     BEL       1999       2010 |
 203. |     CAN       1997       2010 |
 257. |     CHE       1996       2010 |
 363. |     DEU       1992       2010 |
 422. |     DNK       1996       2010 |
 485. |     ESP       2004       2010 |
 513. |     FIN       1977       2010 |
 586. |     FRA       1995       2010 |
 616. |     GBR       1970       2010 |
 705. |     GRC       2004       2010 |
 805. |     IRL       1994       2010 |
 907. |     ITA       1986       2010 |
 951. |     JPN       1975       2010 |
1132. |     LUX       2002       2010 |
1242. |     NLD       2002       2010 |
1292. |     NOR       1997       2010 |
1352. |     NZL       2002       2010 |
1464. |     PRT       2004       2010 |
1545. |     SWE       1975       2010 |
1674. |     USA       1994       2010 |
      +-------------------------------+
      name:  <unnamed>
       log:  C:\Users\jackogle\Final-Project-Metrics\replication-code-and-data\T3regs_stats.log
  log type:  text
 paused on:  15 Mar 2022, 16:55:59
----------------------------------------------------------------------------------------------------------------------------------------------------
----------------------------------------------------------------------------------------------------------------------------------------------------
      name:  <unnamed>
       log:  C:\Users\jackogle\Final-Project-Metrics\replication-code-and-data\T3regs_stats.log
  log type:  text
resumed on:  15 Mar 2022, 16:55:59

    Variable |        Obs        Mean    Std. Dev.       Min        Max
-------------+---------------------------------------------------------
 country_tag |         30           1           0          1          1

    Variable |        Obs        Mean    Std. Dev.       Min        Max
-------------+---------------------------------------------------------
        year |      1,325    1991.587    12.75795       1970       2014

      +-------------------------------+
      | country   year_min   year_max |
      |-------------------------------|
  11. |     AUS       1970       2013 |
  66. |     AUT       1970       2013 |
 121. |     BEL       1970       2013 |
 176. |     CAN       1970       2011 |
 231. |     CHE       1970       2013 |
 286. |     CZE       1970       2013 |
 341. |     DEU       1970       2013 |
 396. |     DNK       1970       2014 |
 451. |     ESP       1970       2013 |
 506. |     FIN       1970       2013 |
 561. |     FRA       1970       2014 |
 616. |     GBR       1970       2013 |
 671. |     GRC       1970       2013 |
 726. |     HUN       1970       2014 |
 781. |     IRL       1970       2013 |
 836. |     ISL       1970       2013 |
 891. |     ITA       1970       2013 |
 946. |     JPN       1970       2013 |
1001. |     KOR       1970       2013 |
1100. |     LUX       1970       2013 |
1155. |     MEX       1970       2014 |
1210. |     NLD       1970       2013 |
1265. |     NOR       1970       2014 |
1320. |     NZL       1970       2014 |
1375. |     POL       1970       2013 |
1430. |     PRT       1970       2013 |
1485. |     SVK       1970       2013 |
1540. |     SWE       1970       2014 |
1595. |     TUR       1970       2013 |
1650. |     USA       1970       2013 |
      +-------------------------------+
      name:  <unnamed>
       log:  C:\Users\jackogle\Final-Project-Metrics\replication-code-and-data\T3regs_stats.log
  log type:  text
 paused on:  15 Mar 2022, 16:55:59
----------------------------------------------------------------------------------------------------------------------------------------------------
----------------------------------------------------------------------------------------------------------------------------------------------------
      name:  <unnamed>
       log:  C:\Users\jackogle\Final-Project-Metrics\replication-code-and-data\T3regs_stats.log
  log type:  text
resumed on:  15 Mar 2022, 16:56:00

    Variable |        Obs        Mean    Std. Dev.       Min        Max
-------------+---------------------------------------------------------
 country_tag |         22           1           0          1          1

    Variable |        Obs        Mean    Std. Dev.       Min        Max
-------------+---------------------------------------------------------
        year |        806    1990.872    11.85313       1970       2010

      +-------------------------------+
      | country   year_min   year_max |
      |-------------------------------|
  38. |     AUS       1997       2010 |
  66. |     AUT       1970       2010 |
 121. |     BEL       1970       2010 |
 177. |     CAN       1971       2010 |
 231. |     CHE       1970       2010 |
 341. |     DEU       1970       2010 |
 396. |     DNK       1970       2010 |
 451. |     ESP       1970       2010 |
 506. |     FIN       1970       2010 |
 561. |     FRA       1970       2010 |
 616. |     GBR       1970       2010 |
 671. |     GRC       1970       2010 |
 792. |     IRL       1981       2010 |
 891. |     ITA       1970       2010 |
 946. |     JPN       1970       2010 |
1100. |     LUX       1970       2010 |
1210. |     NLD       1970       2010 |
1265. |     NOR       1970       2010 |
1352. |     NZL       2002       2010 |
1430. |     PRT       1970       2010 |
1540. |     SWE       1970       2010 |
1674. |     USA       1994       2010 |
      +-------------------------------+
      name:  <unnamed>
       log:  C:\Users\jackogle\Final-Project-Metrics\replication-code-and-data\T3regs_stats.log
  log type:  text
 paused on:  15 Mar 2022, 16:56:00
----------------------------------------------------------------------------------------------------------------------------------------------------
